<?xml version="1.0" encoding="UTF-8"?>
<testng-results skipped="0" failed="0" ignored="0" total="1" passed="1">
  <reporter-output>
    <line>
      <![CDATA[Amazon Logo Is Present]]>
    </line>
    <line>
      <![CDATA[Search Result Is Matched]]>
    </line>
    <line>
      <![CDATA[Cart button is present]]>
    </line>
    <line>
      <![CDATA[Item Is Added To The Cart]]>
    </line>
    <line>
      <![CDATA[Item Is Added To The Cart]]>
    </line>
  </reporter-output>
  <suite name="Default suite" duration-ms="34280" started-at="2019-01-20T12:34:07Z" finished-at="2019-01-20T12:34:42Z">
    <groups>
    </groups>
    <test name="Default test" duration-ms="34280" started-at="2019-01-20T12:34:07Z" finished-at="2019-01-20T12:34:42Z">
      <class name="testScript.TestCase1">
        <test-method status="PASS" signature="OpenBrowse()[pri:0, instance:testScript.TestCase1@e320068]" name="OpenBrowse" is-config="true" duration-ms="7526" started-at="2019-01-20T12:34:07Z" finished-at="2019-01-20T12:34:15Z">
          <reporter-output>
          </reporter-output>
        </test-method> <!-- OpenBrowse -->
        <test-method status="PASS" signature="Scenario1a()[pri:0, instance:testScript.TestCase1@e320068]" name="Scenario1a" duration-ms="24367" started-at="2019-01-20T12:34:15Z" finished-at="2019-01-20T12:34:39Z">
          <reporter-output>
            <line>
              <![CDATA[Amazon Logo Is Present]]>
            </line>
            <line>
              <![CDATA[Search Result Is Matched]]>
            </line>
            <line>
              <![CDATA[Cart button is present]]>
            </line>
            <line>
              <![CDATA[Item Is Added To The Cart]]>
            </line>
            <line>
              <![CDATA[Item Is Added To The Cart]]>
            </line>
          </reporter-output>
        </test-method> <!-- Scenario1a -->
        <test-method status="PASS" signature="CloseBrowse()[pri:0, instance:testScript.TestCase1@e320068]" name="CloseBrowse" is-config="true" duration-ms="2358" started-at="2019-01-20T12:34:39Z" finished-at="2019-01-20T12:34:42Z">
          <reporter-output>
          </reporter-output>
        </test-method> <!-- CloseBrowse -->
      </class> <!-- testScript.TestCase1 -->
    </test> <!-- Default test -->
  </suite> <!-- Default suite -->
</testng-results>
